Flutter/Flutter_2/peajeapiexamen/android/app/build/intermediates/manifest_merge_blame_file/release/manifest-merger-blame-release-report.txt
1<?xml version="1.0" encoding="utf-8"?>
2<manifest xmlns:android="http://schemas.android.com/apk/res/android"
3    package="com.example.peajeapiexamen"
4    android:versionCode="1"
5    android:versionName="0.1.0" >
6
7    <uses-sdk
8        android:minSdkVersion="21"
8-->src\main\AndroidManifest.xml
9        android:targetSdkVersion="34" />
9-->src\main\AndroidManifest.xml
10
11    <uses-permission android:name="android.permission.INTERNET" />
11-->src\main\AndroidManifest.xml:4:5-66
11-->src\main\AndroidManifest.xml:4:22-64
12    <uses-permission android:name="android.permission.CAMERA" />
12-->src\main\AndroidManifest.xml:5:5-64
12-->src\main\AndroidManifest.xml:5:22-62
13    <uses-permission android:name="android.permission.WRITE_EXTERNAL_STORAGE" />
13-->src\main\AndroidManifest.xml:6:5-80
13-->src\main\AndroidManifest.xml:6:22-78
14    <uses-permission android:name="android.permission.READ_EXTERNAL_STORAGE" />
14-->src\main\AndroidManifest.xml:7:5-79
14-->src\main\AndroidManifest.xml:7:22-77
15    <uses-permission android:name="android.permission.ACCESS_FINE_LOCATION" />
15-->src\main\AndroidManifest.xml:8:5-78
15-->src\main\AndroidManifest.xml:8:22-76
16    <uses-permission android:name="android.permission.ACCESS_COARSE_LOCATION" />
16-->src\main\AndroidManifest.xml:9:5-80
16-->src\main\AndroidManifest.xml:9:22-78
17
18    <permission
18-->[androidx.core:core:1.13.0] AndroidManifest.xml:22:5-24:47
19        android:name="com.example.peajeapiexamen.DYNAMIC_RECEIVER_NOT_EXPORTED_PERMISSION"
19-->[androidx.core:core:1.13.0] AndroidManifest.xml:23:9-81
20        android:protectionLevel="signature" />
20-->[androidx.core:core:1.13.0] AndroidManifest.xml:24:9-44
21
22    <uses-permission android:name="com.example.peajeapiexamen.DYNAMIC_RECEIVER_NOT_EXPORTED_PERMISSION" />
22-->[androidx.core:core:1.13.0] AndroidManifest.xml:26:5-97
22-->[androidx.core:core:1.13.0] AndroidManifest.xml:26:22-94
23
24    <application
25        android:name="android.app.Application"
25-->src\main\AndroidManifest.xml:12:9-42
26        android:appComponentFactory="androidx.core.app.CoreComponentFactory"
26-->[androidx.core:core:1.13.0] AndroidManifest.xml:28:18-86
27        android:icon="@mipmap/ic_launcher"
27-->src\main\AndroidManifest.xml:14:9-43
28        android:label="yourapp"
28-->src\main\AndroidManifest.xml:13:9-32
29        android:theme="@style/LaunchTheme" >
29-->src\main\AndroidManifest.xml:15:9-43
30        <activity
30-->src\main\AndroidManifest.xml:16:9-33:20
31            android:name="com.example.peajeapiexamen.MainActivity"
31-->src\main\AndroidManifest.xml:17:13-41
32            android:configChanges="orientation|keyboardHidden|keyboard|screenSize|smallestScreenSize|locale|layoutDirection|fontScale|screenLayout|density|uiMode"
32-->src\main\AndroidManifest.xml:20:13-163
33            android:exported="true"
33-->src\main\AndroidManifest.xml:18:13-36
34            android:hardwareAccelerated="true"
34-->src\main\AndroidManifest.xml:21:13-47
35            android:launchMode="singleTop"
35-->src\main\AndroidManifest.xml:19:13-43
36            android:windowSoftInputMode="adjustResize" >
36-->src\main\AndroidManifest.xml:22:13-55
37            <meta-data
37-->src\main\AndroidManifest.xml:23:13-25:57
38                android:name="io.flutter.embedding.android.NormalTheme"
38-->src\main\AndroidManifest.xml:24:17-72
39                android:resource="@style/NormalTheme" />
39-->src\main\AndroidManifest.xml:25:17-54
40            <meta-data
40-->src\main\AndroidManifest.xml:26:13-28:37
41                android:name="flutterEmbedding"
41-->src\main\AndroidManifest.xml:27:17-48
42                android:value="2" />
42-->src\main\AndroidManifest.xml:28:17-34
43
44            <intent-filter>
44-->src\main\AndroidManifest.xml:29:13-32:29
45                <action android:name="android.intent.action.MAIN" />
45-->src\main\AndroidManifest.xml:30:17-68
45-->src\main\AndroidManifest.xml:30:25-66
46
47                <category android:name="android.intent.category.LAUNCHER" />
47-->src\main\AndroidManifest.xml:31:17-76
47-->src\main\AndroidManifest.xml:31:27-74
48            </intent-filter>
49        </activity>
50
51        <provider
51-->[:image_picker_android] AndroidManifest.xml:11:9-19:20
52            android:name="io.flutter.plugins.imagepicker.ImagePickerFileProvider"
52-->[:image_picker_android] AndroidManifest.xml:12:13-82
53            android:authorities="com.example.peajeapiexamen.flutter.image_provider"
53-->[:image_picker_android] AndroidManifest.xml:13:13-74
54            android:exported="false"
54-->[:image_picker_android] AndroidManifest.xml:14:13-37
55            android:grantUriPermissions="true" >
55-->[:image_picker_android] AndroidManifest.xml:15:13-47
56            <meta-data
56-->[:image_picker_android] AndroidManifest.xml:16:13-18:75
57                android:name="android.support.FILE_PROVIDER_PATHS"
57-->[:image_picker_android] AndroidManifest.xml:17:17-67
58                android:resource="@xml/flutter_image_picker_file_paths" />
58-->[:image_picker_android] AndroidManifest.xml:18:17-72
59        </provider> <!-- Trigger Google Play services to install the backported photo picker module. -->
60        <service
60-->[:image_picker_android] AndroidManifest.xml:21:9-33:19
61            android:name="com.google.android.gms.metadata.ModuleDependencies"
61-->[:image_picker_android] AndroidManifest.xml:22:13-78
62            android:enabled="false"
62-->[:image_picker_android] AndroidManifest.xml:23:13-36
63            android:exported="false" >
63-->[:image_picker_android] AndroidManifest.xml:24:13-37
64            <intent-filter>
64-->[:image_picker_android] AndroidManifest.xml:26:13-28:29
65                <action android:name="com.google.android.gms.metadata.MODULE_DEPENDENCIES" />
65-->[:image_picker_android] AndroidManifest.xml:27:17-94
65-->[:image_picker_android] AndroidManifest.xml:27:25-91
66            </intent-filter>
67
68            <meta-data
68-->[:image_picker_android] AndroidManifest.xml:30:13-32:36
69                android:name="photopicker_activity:0:required"
69-->[:image_picker_android] AndroidManifest.xml:31:17-63
70                android:value="" />
70-->[:image_picker_android] AndroidManifest.xml:32:17-33
71        </service>
72        <service
72-->[:geolocator_android] AndroidManifest.xml:10:9-14:56
73            android:name="com.baseflow.geolocator.GeolocatorLocationService"
73-->[:geolocator_android] AndroidManifest.xml:11:13-77
74            android:enabled="true"
74-->[:geolocator_android] AndroidManifest.xml:12:13-35
75            android:exported="false"
75-->[:geolocator_android] AndroidManifest.xml:13:13-37
76            android:foregroundServiceType="location" />
76-->[:geolocator_android] AndroidManifest.xml:14:13-53
77
78        <activity
78-->[com.google.android.gms:play-services-base:18.3.0] AndroidManifest.xml:20:9-22:45
79            android:name="com.google.android.gms.common.api.GoogleApiActivity"
79-->[com.google.android.gms:play-services-base:18.3.0] AndroidManifest.xml:20:19-85
80            android:exported="false"
80-->[com.google.android.gms:play-services-base:18.3.0] AndroidManifest.xml:22:19-43
81            android:theme="@android:style/Theme.Translucent.NoTitleBar" />
81-->[com.google.android.gms:play-services-base:18.3.0] AndroidManifest.xml:21:19-78
82
83        <meta-data
83-->[com.google.android.gms:play-services-basement:18.3.0] AndroidManifest.xml:21:9-23:69
84            android:name="com.google.android.gms.version"
84-->[com.google.android.gms:play-services-basement:18.3.0] AndroidManifest.xml:22:13-58
85            android:value="@integer/google_play_services_version" />
85-->[com.google.android.gms:play-services-basement:18.3.0] AndroidManifest.xml:23:13-66
86
87        <uses-library
87-->[androidx.window:window:1.0.0-beta04] AndroidManifest.xml:25:9-27:40
88            android:name="androidx.window.extensions"
88-->[androidx.window:window:1.0.0-beta04] AndroidManifest.xml:26:13-54
89            android:required="false" />
89-->[androidx.window:window:1.0.0-beta04] AndroidManifest.xml:27:13-37
90        <uses-library
90-->[androidx.window:window:1.0.0-beta04] AndroidManifest.xml:28:9-30:40
91            android:name="androidx.window.sidecar"
91-->[androidx.window:window:1.0.0-beta04] AndroidManifest.xml:29:13-51
92            android:required="false" />
92-->[androidx.window:window:1.0.0-beta04] AndroidManifest.xml:30:13-37
93
94        <provider
94-->[androidx.profileinstaller:profileinstaller:1.3.0] AndroidManifest.xml:24:9-32:20
95            android:name="androidx.startup.InitializationProvider"
95-->[androidx.profileinstaller:profileinstaller:1.3.0] AndroidManifest.xml:25:13-67
96            android:authorities="com.example.peajeapiexamen.androidx-startup"
96-->[androidx.profileinstaller:profileinstaller:1.3.0] AndroidManifest.xml:26:13-68
97            android:exported="false" >
97-->[androidx.profileinstaller:profileinstaller:1.3.0] AndroidManifest.xml:27:13-37
98            <meta-data
98-->[androidx.profileinstaller:profileinstaller:1.3.0] AndroidManifest.xml:29:13-31:52
99                android:name="androidx.profileinstaller.ProfileInstallerInitializer"
99-->[androidx.profileinstaller:profileinstaller:1.3.0] AndroidManifest.xml:30:17-85
100                android:value="androidx.startup" />
100-->[androidx.profileinstaller:profileinstaller:1.3.0] AndroidManifest.xml:31:17-49
101        </provider>
102
103        <receiver
103-->[androidx.profileinstaller:profileinstaller:1.3.0] AndroidManifest.xml:34:9-52:20
104            android:name="androidx.profileinstaller.ProfileInstallReceiver"
104-->[androidx.profileinstaller:profileinstaller:1.3.0] AndroidManifest.xml:35:13-76
105            android:directBootAware="false"
105-->[androidx.profileinstaller:profileinstaller:1.3.0] AndroidManifest.xml:36:13-44
106            android:enabled="true"
106-->[androidx.profileinstaller:profileinstaller:1.3.0] AndroidManifest.xml:37:13-35
107            android:exported="true"
107-->[androidx.profileinstaller:profileinstaller:1.3.0] AndroidManifest.xml:38:13-36
108            android:permission="android.permission.DUMP" >
108-->[androidx.profileinstaller:profileinstaller:1.3.0] AndroidManifest.xml:39:13-57
109            <intent-filter>
109-->[androidx.profileinstaller:profileinstaller:1.3.0] AndroidManifest.xml:40:13-42:29
110                <action android:name="androidx.profileinstaller.action.INSTALL_PROFILE" />
110-->[androidx.profileinstaller:profileinstaller:1.3.0] AndroidManifest.xml:41:17-91
110-->[androidx.profileinstaller:profileinstaller:1.3.0] AndroidManifest.xml:41:25-88
111            </intent-filter>
112            <intent-filter>
112-->[androidx.profileinstaller:profileinstaller:1.3.0] AndroidManifest.xml:43:13-45:29
113                <action android:name="androidx.profileinstaller.action.SKIP_FILE" />
113-->[androidx.profileinstaller:profileinstaller:1.3.0] AndroidManifest.xml:44:17-85
113-->[androidx.profileinstaller:profileinstaller:1.3.0] AndroidManifest.xml:44:25-82
114            </intent-filter>
115            <intent-filter>
115-->[androidx.profileinstaller:profileinstaller:1.3.0] AndroidManifest.xml:46:13-48:29
116                <action android:name="androidx.profileinstaller.action.SAVE_PROFILE" />
116-->[androidx.profileinstaller:profileinstaller:1.3.0] AndroidManifest.xml:47:17-88
116-->[androidx.profileinstaller:profileinstaller:1.3.0] AndroidManifest.xml:47:25-85
117            </intent-filter>
118            <intent-filter>
118-->[androidx.profileinstaller:profileinstaller:1.3.0] AndroidManifest.xml:49:13-51:29
119                <action android:name="androidx.profileinstaller.action.BENCHMARK_OPERATION" />
119-->[androidx.profileinstaller:profileinstaller:1.3.0] AndroidManifest.xml:50:17-95
119-->[androidx.profileinstaller:profileinstaller:1.3.0] AndroidManifest.xml:50:25-92
120            </intent-filter>
121        </receiver>
122    </application>
123
124</manifest>